
> painter-decorator@0.0.1 build
> astro build

[2m01:26:19[22m [34m[content][39m Syncing content
[2m01:26:19[22m [34m[content][39m Synced content
[2m01:26:19[22m [34m[types][39m Generated [2m117ms[22m
[2m01:26:19[22m [34m[build][39m output: [34m"static"[39m
[2m01:26:19[22m [34m[build][39m mode: [34m"static"[39m
[2m01:26:19[22m [34m[build][39m directory: [34mC:\Users\nicol\OneDrive\Desktop\the websites\trades\painter decorator\dist\[39m
[2m01:26:19[22m [34m[build][39m Collecting build info...
[2m01:26:19[22m [34m[build][39m [32m✓ Completed in 183ms.[39m
[2m01:26:19[22m [34m[build][39m Building static entrypoints...
[31m[1m01:26:21[22m [ERROR] [vite][39m [31m✗[39m Build failed in 1.80s
[vite]: Rollup failed to resolve import "tailwind-merge" from "C:/Users/nicol/OneDrive/Desktop/the websites/trades/painter decorator/src/lib/utils.ts".
This is most likely unintended because it can break your application at runtime.
If you do want to externalize this module explicitly add it to
`build.rollupOptions.external`
  [1mStack trace:[22m
[2m    at viteLog (file:///C:/Users/nicol/OneDrive/Desktop/the%20websites/trades/painter%20decorator/node_modules/vite/dist/node/chunks/dep-D4NMHUTW.js:46374:15)
    at onwarn (file:///C:/Users/nicol/OneDrive/Desktop/the%20websites/trades/painter%20decorator/node_modules/@vitejs/plugin-react/dist/index.js:90:7)
    at onRollupLog (file:///C:/Users/nicol/OneDrive/Desktop/the%20websites/trades/painter%20decorator/node_modules/vite/dist/node/chunks/dep-D4NMHUTW.js:46422:5)
    at file:///C:/Users/nicol/OneDrive/Desktop/the%20websites/trades/painter%20decorator/node_modules/rollup/dist/es/shared/node-entry.js:20961:32
    at ModuleLoader.handleInvalidResolvedId (file:///C:/Users/nicol/OneDrive/Desktop/the%20websites/trades/painter%20decorator/node_modules/rollup/dist/es/shared/node-entry.js:21592:26)[22m
